<?xml version="1.0" encoding="UTF-8"?>
<testng-results skipped="0" failed="0" total="2" passed="2">
  <reporter-output>
  </reporter-output>
  <suite name="Default suite" duration-ms="13426" started-at="2019-03-23T21:52:07Z" finished-at="2019-03-23T21:52:20Z">
    <groups>
    </groups>
    <test name="Default test" duration-ms="13426" started-at="2019-03-23T21:52:07Z" finished-at="2019-03-23T21:52:20Z">
      <class name="patientTest.PatientRegistrationTest">
        <test-method status="PASS" signature="initBrowser()[pri:0, instance:patientTest.PatientRegistrationTest@5442a311]" name="initBrowser" is-config="true" duration-ms="5712" started-at="2019-03-23T17:52:07Z" finished-at="2019-03-23T17:52:13Z">
          <reporter-output>
          </reporter-output>
        </test-method> <!-- initBrowser -->
        <test-method status="PASS" signature="open_with_url()[pri:0, instance:patientTest.PatientRegistrationTest@5442a311]" name="open_with_url" is-config="true" duration-ms="5125" started-at="2019-03-23T17:52:13Z" finished-at="2019-03-23T17:52:18Z">
          <reporter-output>
          </reporter-output>
        </test-method> <!-- open_with_url -->
        <test-method status="PASS" signature="validate_patient_login()[pri:0, instance:patientTest.PatientRegistrationTest@5442a311]" name="validate_patient_login" duration-ms="137" started-at="2019-03-23T17:52:18Z" description="TC_001, Validate Patient-Login Button" finished-at="2019-03-23T17:52:18Z">
          <reporter-output>
          </reporter-output>
        </test-method> <!-- validate_patient_login -->
        <test-method status="PASS" signature="click_patient_login()[pri:0, instance:patientTest.PatientRegistrationTest@5442a311]" name="click_patient_login" duration-ms="2302" started-at="2019-03-23T17:52:18Z" description="TC_002, Validate registration page" finished-at="2019-03-23T17:52:20Z">
          <reporter-output>
          </reporter-output>
        </test-method> <!-- click_patient_login -->
        <test-method status="PASS" signature="closeBrowser()[pri:0, instance:patientTest.PatientRegistrationTest@5442a311]" name="closeBrowser" is-config="true" duration-ms="121" started-at="2019-03-23T17:52:20Z" finished-at="2019-03-23T17:52:20Z">
          <reporter-output>
          </reporter-output>
        </test-method> <!-- closeBrowser -->
      </class> <!-- patientTest.PatientRegistrationTest -->
    </test> <!-- Default test -->
  </suite> <!-- Default suite -->
</testng-results>
