<?xml version="1.0" encoding="UTF-8"?>
<!-- Generated by org.testng.reporters.JUnitXMLReporter -->
<testsuite hostname="Ahmed" ignored="2" name="Test" tests="2" failures="0" timestamp="19 Feb 2019 01:54:52 GMT" time="23.033" errors="0">
  <testcase name="adminLoginPage" time="10.186" classname="adminTests.AdminPrescriptionTest"/>
  <testcase name="prescriptionPageTest" time="1.805" classname="adminTests.AdminPrescriptionTest"/>
  <testcase name="verifyPrescription" time="0.0" classname="adminTests.AdminPrescriptionTest">
    <ignored/>
  </testcase> <!-- verifyPrescription -->
  <testcase name="practice" time="0.0" classname="adminTests.AdminPrescriptionTest">
    <ignored/>
  </testcase> <!-- practice -->
</testsuite> <!-- Test -->
