<?xml version="1.0" encoding="UTF-8"?>
<!-- Generated by org.testng.reporters.JUnitXMLReporter -->
<testsuite hostname="Ahmed" name="Test" tests="4" failures="0" timestamp="20 Mar 2019 21:12:20 GMT" time="28.478" errors="0">
  <testcase name="validatePatientLogin" time="0.242" classname="patientModuleTest.MainPageTest"/>
  <testcase name="clickPatientLogin" time="2.315" classname="patientModuleTest.MainPageTest"/>
  <testcase name="validatelogin" time="0.042" classname="patientModuleTest.MainPageTest"/>
  <testcase name="clickLoginAndEnterData" time="15.128" classname="patientModuleTest.MainPageTest"/>
</testsuite> <!-- Test -->
