<?xml version="1.0" encoding="UTF-8"?>
<testng-results skipped="0" failed="0" ignored="0" total="1" passed="1">
  <reporter-output>
  </reporter-output>
  <suite name="Default suite" duration-ms="23044" started-at="2019-02-08T22:58:30Z" finished-at="2019-02-08T22:58:53Z">
    <groups>
    </groups>
    <test name="Default test" duration-ms="23044" started-at="2019-02-08T22:58:30Z" finished-at="2019-02-08T22:58:53Z">
      <class name="Test.Testform">
        <test-method status="PASS" signature="openbrowser()[pri:0, instance:Test.Testform@1593948d]" name="openbrowser" is-config="true" duration-ms="9585" started-at="2019-02-08T17:58:30Z" finished-at="2019-02-08T17:58:39Z">
          <reporter-output>
          </reporter-output>
        </test-method> <!-- openbrowser -->
        <test-method status="PASS" signature="form()[pri:0, instance:Test.Testform@1593948d]" name="form" duration-ms="11279" started-at="2019-02-08T17:58:39Z" finished-at="2019-02-08T17:58:50Z">
          <reporter-output>
          </reporter-output>
        </test-method> <!-- form -->
        <test-method status="PASS" signature="quitbrowser()[pri:0, instance:Test.Testform@1593948d]" name="quitbrowser" is-config="true" duration-ms="2153" started-at="2019-02-08T17:58:50Z" finished-at="2019-02-08T17:58:53Z">
          <reporter-output>
          </reporter-output>
        </test-method> <!-- quitbrowser -->
      </class> <!-- Test.Testform -->
    </test> <!-- Default test -->
  </suite> <!-- Default suite -->
</testng-results>
